[0721/141437.129:ERROR:process_memory_win.cc(73)] ReadMemory at 0x1faf00e0000 of 64 bytes failed: Only part of a ReadProcessMemory or WriteProcessMemory request was completed. (0x12B)
[0721/141437.689:WARNING:pe_image_reader.cc(340)] could not read dos header from C:\WINDOWS\System32\msvcrt.dll
[0721/141437.689:ERROR:process_memory_win.cc(73)] ReadMemory at 0x7ff84f860000 of 64 bytes failed: Only part of a ReadProcessMemory or WriteProcessMemory request was completed. (0x12B)
[0721/141437.689:WARNING:pe_image_reader.cc(340)] could not read dos header from C:\WINDOWS\System32\cfgmgr32.dll
[0721/141437.689:ERROR:process_memory_win.cc(73)] ReadMemory at 0x7ff84f3f0000 of 64 bytes failed: Only part of a ReadProcessMemory or WriteProcessMemory request was completed. (0x12B)
[0721/141437.689:WARNING:pe_image_reader.cc(340)] could not read dos header from C:\WINDOWS\System32\ucrtbase.dll
[0721/141437.689:ERROR:process_memory_win.cc(73)] ReadMemory at 0x7ff851630000 of 64 bytes failed: Only part of a ReadProcessMemory or WriteProcessMemory request was completed. (0x12B)
[0721/141437.689:WARNING:pe_image_reader.cc(340)] could not read dos header from C:\WINDOWS\System32\shcore.dll
[0721/141437.689:ERROR:process_memory_win.cc(73)] ReadMemory at 0x7ff851430000 of 64 bytes failed: Only part of a ReadProcessMemory or WriteProcessMemory request was completed. (0x12B)
[0721/141437.689:WARNING:pe_image_reader.cc(340)] could not read dos header from C:\WINDOWS\System32\RPCRT4.dll
[0721/141437.689:ERROR:process_memory_win.cc(73)] ReadMemory at 0x7ff8516e0000 of 64 bytes failed: Only part of a ReadProcessMemory or WriteProcessMemory request was completed. (0x12B)
[0721/141437.689:WARNING:pe_image_reader.cc(340)] could not read dos header from C:\WINDOWS\System32\combase.dll
[0721/141437.689:ERROR:process_memory_win.cc(73)] ReadMemory at 0x7ff84f4f0000 of 64 bytes failed: Only part of a ReadProcessMemory or WriteProcessMemory request was completed. (0x12B)
[0721/141437.689:WARNING:pe_image_reader.cc(340)] could not read dos header from C:\WINDOWS\System32\bcryptPrimitives.dll
[0721/141437.689:ERROR:process_memory_win.cc(73)] ReadMemory at 0x7ff84fa50000 of 64 bytes failed: Only part of a ReadProcessMemory or WriteProcessMemory request was completed. (0x12B)
[0721/141437.689:WARNING:pe_image_reader.cc(340)] could not read dos header from C:\WINDOWS\System32\windows.storage.dll
[0721/141437.689:ERROR:process_memory_win.cc(73)] ReadMemory at 0x7ff84f350000 of 64 bytes failed: Only part of a ReadProcessMemory or WriteProcessMemory request was completed. (0x12B)
[0721/141437.689:WARNING:pe_image_reader.cc(340)] could not read dos header from C:\WINDOWS\System32\msvcp_win.dll
[0721/141437.689:ERROR:process_memory_win.cc(73)] ReadMemory at 0x7ff8502b0000 of 64 bytes failed: Only part of a ReadProcessMemory or WriteProcessMemory request was completed. (0x12B)
[0721/141437.689:WARNING:pe_image_reader.cc(340)] could not read dos header from C:\WINDOWS\System32\sechost.dll
[0721/141437.689:ERROR:process_memory_win.cc(73)] ReadMemory at 0x7ff850350000 of 64 bytes failed: Only part of a ReadProcessMemory or WriteProcessMemory request was completed. (0x12B)
[0721/141437.689:WARNING:pe_image_reader.cc(340)] could not read dos header from C:\WINDOWS\System32\advapi32.dll
[0721/141437.689:ERROR:process_memory_win.cc(73)] ReadMemory at 0x7ff84efd0000 of 64 bytes failed: Only part of a ReadProcessMemory or WriteProcessMemory request was completed. (0x12B)
[0721/141437.689:WARNING:pe_image_reader.cc(340)] could not read dos header from C:\WINDOWS\System32\profapi.dll
[0721/141437.689:ERROR:process_memory_win.cc(73)] ReadMemory at 0x7ff84f040000 of 64 bytes failed: Only part of a ReadProcessMemory or WriteProcessMemory request was completed. (0x12B)
[0721/141437.689:WARNING:pe_image_reader.cc(340)] could not read dos header from C:\WINDOWS\System32\powrprof.dll
[0721/141437.689:ERROR:process_memory_win.cc(73)] ReadMemory at 0x7ff851560000 of 64 bytes failed: Only part of a ReadProcessMemory or WriteProcessMemory request was completed. (0x12B)
[0721/141437.689:WARNING:pe_image_reader.cc(340)] could not read dos header from C:\WINDOWS\System32\shlwapi.dll
[0721/141437.689:ERROR:process_memory_win.cc(73)] ReadMemory at 0x7ff8507a0000 of 64 bytes failed: Only part of a ReadProcessMemory or WriteProcessMemory request was completed. (0x12B)
[0721/141437.689:WARNING:pe_image_reader.cc(340)] could not read dos header from C:\WINDOWS\System32\GDI32.dll
[0721/141437.689:ERROR:process_memory_win.cc(73)] ReadMemory at 0x7ff84f8b0000 of 64 bytes failed: Only part of a ReadProcessMemory or WriteProcessMemory request was completed. (0x12B)
[0721/141437.689:WARNING:pe_image_reader.cc(340)] could not read dos header from C:\WINDOWS\System32\gdi32full.dll
[0721/141437.689:ERROR:process_memory_win.cc(73)] ReadMemory at 0x7ff850850000 of 64 bytes failed: Only part of a ReadProcessMemory or WriteProcessMemory request was completed. (0x12B)
[0721/141437.689:WARNING:pe_image_reader.cc(340)] could not read dos header from C:\WINDOWS\System32\USER32.dll
[0721/141437.689:ERROR:process_memory_win.cc(73)] ReadMemory at 0x7ff84f810000 of 64 bytes failed: Only part of a ReadProcessMemory or WriteProcessMemory request was completed. (0x12B)
[0721/141437.689:WARNING:pe_image_reader.cc(340)] could not read dos header from C:\WINDOWS\System32\win32u.dll
[0721/141437.689:ERROR:process_memory_win.cc(73)] ReadMemory at 0x7ff84f020000 of 64 bytes failed: Only part of a ReadProcessMemory or WriteProcessMemory request was completed. (0x12B)
[0721/141437.689:WARNING:pe_image_reader.cc(340)] could not read dos header from C:\WINDOWS\System32\kernel.appcore.dll
[0721/141437.689:ERROR:process_memory_win.cc(73)] ReadMemory at 0x7ff84f280000 of 64 bytes failed: Only part of a ReadProcessMemory or WriteProcessMemory request was completed. (0x12B)
[0721/141437.689:WARNING:pe_image_reader.cc(340)] could not read dos header from C:\WINDOWS\System32\cryptsp.dll
[0721/141437.689:ERROR:process_memory_win.cc(73)] ReadMemory at 0x7ff835b30000 of 64 bytes failed: Only part of a ReadProcessMemory or WriteProcessMemory request was completed. (0x12B)
[0721/141437.689:WARNING:pe_image_reader.cc(340)] could not read dos header from C:\Program Files (x86)\Google\Chrome\Application\75.0.3770.142\chrome_elf.dll
[0721/141437.689:ERROR:process_memory_win.cc(73)] ReadMemory at 0x7ff846eb0000 of 64 bytes failed: Only part of a ReadProcessMemory or WriteProcessMemory request was completed. (0x12B)
[0721/141437.689:WARNING:pe_image_reader.cc(340)] could not read dos header from C:\WINDOWS\SYSTEM32\VERSION.dll
[0721/141437.689:ERROR:process_memory_win.cc(73)] ReadMemory at 0x7ff83bdc0000 of 64 bytes failed: Only part of a ReadProcessMemory or WriteProcessMemory request was completed. (0x12B)
[0721/141437.689:WARNING:pe_image_reader.cc(340)] could not read dos header from C:\WINDOWS\SYSTEM32\WINMM.dll
[0721/141437.689:ERROR:process_memory_win.cc(73)] ReadMemory at 0x7ff84eed0000 of 64 bytes failed: Only part of a ReadProcessMemory or WriteProcessMemory request was completed. (0x12B)
[0721/141437.689:WARNING:pe_image_reader.cc(340)] could not read dos header from C:\WINDOWS\SYSTEM32\USERENV.dll
[0721/141437.689:ERROR:process_memory_win.cc(73)] ReadMemory at 0x7ff83bd90000 of 64 bytes failed: Only part of a ReadProcessMemory or WriteProcessMemory request was completed. (0x12B)
[0721/141437.689:WARNING:pe_image_reader.cc(340)] could not read dos header from C:\WINDOWS\SYSTEM32\WINMMBASE.dll
[0721/141437.689:ERROR:process_memory_win.cc(73)] ReadMemory at 0x7ff84e920000 of 64 bytes failed: Only part of a ReadProcessMemory or WriteProcessMemory request was completed. (0x12B)
[0721/141437.689:WARNING:pe_image_reader.cc(340)] could not read dos header from C:\WINDOWS\SYSTEM32\CRYPTBASE.DLL
[0721/141437.689:ERROR:process_memory_win.cc(73)] ReadMemory at 0x7ff852f00000 of 64 bytes failed: Only part of a ReadProcessMemory or WriteProcessMemory request was completed. (0x12B)
[0721/141437.689:WARNING:pe_image_reader.cc(340)] could not read dos header from C:\WINDOWS\System32\IMM32.DLL
[0721/141437.689:ERROR:process_memory_win.cc(73)] ReadMemory at 0x7ff800040000 of 64 bytes failed: Only part of a ReadProcessMemory or WriteProcessMemory request was completed. (0x12B)
[0721/141437.689:WARNING:pe_image_reader.cc(340)] could not read dos header from C:\Program Files (x86)\Google\Chrome\Application\75.0.3770.142\chrome_child.dll
[0721/141437.689:ERROR:process_memory_win.cc(73)] ReadMemory at 0x7ff852f30000 of 64 bytes failed: Only part of a ReadProcessMemory or WriteProcessMemory request was completed. (0x12B)
[0721/141437.689:WARNING:pe_image_reader.cc(340)] could not read dos header from C:\WINDOWS\System32\WS2_32.dll
[0721/141437.689:ERROR:process_memory_win.cc(73)] ReadMemory at 0x7ff850e30000 of 64 bytes failed: Only part of a ReadProcessMemory or WriteProcessMemory request was completed. (0x12B)
[0721/141437.689:WARNING:pe_image_reader.cc(340)] could not read dos header from C:\WINDOWS\System32\ole32.dll
[0721/141437.689:ERROR:process_memory_win.cc(73)] ReadMemory at 0x7ff850d00000 of 64 bytes failed: Only part of a ReadProcessMemory or WriteProcessMemory request was completed. (0x12B)
[0721/141437.689:WARNING:pe_image_reader.cc(340)] could not read dos header from C:\WINDOWS\System32\OLEAUT32.dll
[0721/141437.689:ERROR:process_memory_win.cc(73)] ReadMemory at 0x7ff8501a0000 of 64 bytes failed: Only part of a ReadProcessMemory or WriteProcessMemory request was completed. (0x12B)
[0721/141437.689:WARNING:pe_image_reader.cc(340)] could not read dos header from C:\WINDOWS\System32\WINTRUST.dll
[0721/141437.689:ERROR:process_memory_win.cc(73)] ReadMemory at 0x7ff84f000000 of 64 bytes failed: Only part of a ReadProcessMemory or WriteProcessMemory request was completed. (0x12B)
[0721/141437.689:WARNING:pe_image_reader.cc(340)] could not read dos header from C:\WINDOWS\System32\MSASN1.dll
[0721/141437.689:ERROR:process_memory_win.cc(73)] ReadMemory at 0x7ff84f0a0000 of 64 bytes failed: Only part of a ReadProcessMemory or WriteProcessMemory request was completed. (0x12B)
[0721/141437.689:WARNING:pe_image_reader.cc(340)] could not read dos header from C:\WINDOWS\System32\CRYPT32.dll
[0721/141437.689:ERROR:process_memory_win.cc(73)] ReadMemory at 0x7ff850b60000 of 64 bytes failed: Only part of a ReadProcessMemory or WriteProcessMemory request was completed. (0x12B)
[0721/141437.689:WARNING:pe_image_reader.cc(340)] could not read dos header from C:\WINDOWS\System32\COMDLG32.dll
[0721/141437.689:ERROR:process_memory_win.cc(73)] ReadMemory at 0x7ff84e510000 of 64 bytes failed: Only part of a ReadProcessMemory or WriteProcessMemory request was completed. (0x12B)
[0721/141437.689:WARNING:pe_image_reader.cc(340)] could not read dos header from C:\WINDOWS\SYSTEM32\IPHLPAPI.DLL
[0721/141437.689:ERROR:process_memory_win.cc(73)] ReadMemory at 0x7ff828d80000 of 64 bytes failed: Only part of a ReadProcessMemory or WriteProcessMemory request was completed. (0x12B)
[0721/141437.689:WARNING:pe_image_reader.cc(340)] could not read dos header from C:\WINDOWS\SYSTEM32\OLEACC.dll
[0721/141437.689:ERROR:process_memory_win.cc(73)] ReadMemory at 0x7ff825ce0000 of 64 bytes failed: Only part of a ReadProcessMemory or WriteProcessMemory request was completed. (0x12B)
[0721/141437.689:WARNING:pe_image_reader.cc(340)] could not read dos header from C:\WINDOWS\SYSTEM32\UIAutomationCore.DLL
[0721/141437.689:ERROR:process_memory_win.cc(73)] ReadMemory at 0x7ff849070000 of 64 bytes failed: Only part of a ReadProcessMemory or WriteProcessMemory request was completed. (0x12B)
[0721/141437.689:WARNING:pe_image_reader.cc(340)] could not read dos header from C:\WINDOWS\SYSTEM32\WTSAPI32.dll
[0721/141437.689:ERROR:process_memory_win.cc(73)] ReadMemory at 0x7ff834280000 of 64 bytes failed: Only part of a ReadProcessMemory or WriteProcessMemory request was completed. (0x12B)
[0721/141437.689:WARNING:pe_image_reader.cc(340)] could not read dos header from C:\WINDOWS\SYSTEM32\DWrite.dll
[0721/141437.689:ERROR:process_memory_win.cc(73)] ReadMemory at 0x7ff84dd10000 of 64 bytes failed: Only part of a ReadProcessMemory or WriteProcessMemory request was completed. (0x12B)
[0721/141437.689:WARNING:pe_image_reader.cc(340)] could not read dos header from C:\WINDOWS\SYSTEM32\dxgi.dll
[0721/141437.689:ERROR:process_memory_win.cc(73)] ReadMemory at 0x7ff848020000 of 64 bytes failed: Only part of a ReadProcessMemory or WriteProcessMemory request was completed. (0x12B)
[0721/141437.689:WARNING:pe_image_reader.cc(340)] could not read dos header from C:\WINDOWS\SYSTEM32\WINSPOOL.DRV
[0721/141437.689:ERROR:process_memory_win.cc(73)] ReadMemory at 0x7ff84f830000 of 64 bytes failed: Only part of a ReadProcessMemory or WriteProcessMemory request was completed. (0x12B)
[0721/141437.689:WARNING:pe_image_reader.cc(340)] could not read dos header from C:\WINDOWS\System32\bcrypt.dll
[0721/141437.689:ERROR:process_memory_win.cc(73)] ReadMemory at 0x7ff846c20000 of 64 bytes failed: Only part of a ReadProcessMemory or WriteProcessMemory request was completed. (0x12B)
[0721/141437.689:WARNING:pe_image_reader.cc(340)] could not read dos header from C:\WINDOWS\SYSTEM32\dbghelp.dll
[0721/141437.689:ERROR:process_memory_win.cc(73)] ReadMemory at 0x7ff8399c0000 of 64 bytes failed: Only part of a ReadProcessMemory or WriteProcessMemory request was completed. (0x12B)
[0721/141437.689:WARNING:pe_image_reader.cc(340)] could not read dos header from C:\WINDOWS\WinSxS\amd64_microsoft.windows.common-controls_6595b64144ccf1df_6.0.17763.557_none_05b63f68071e5b9f\COMCTL32.dll
[0721/141437.689:ERROR:process_memory_win.cc(73)] ReadMemory at 0x7ff84ad50000 of 64 bytes failed: Only part of a ReadProcessMemory or WriteProcessMemory request was completed. (0x12B)
[0721/141437.689:WARNING:pe_image_reader.cc(340)] could not read dos header from C:\WINDOWS\SYSTEM32\USP10.dll
[0721/141437.689:ERROR:process_memory_win.cc(73)] ReadMemory at 0x7ff84aad0000 of 64 bytes failed: Only part of a ReadProcessMemory or WriteProcessMemory request was completed. (0x12B)
[0721/141437.689:WARNING:pe_image_reader.cc(340)] could not read dos header from C:\WINDOWS\SYSTEM32\WINHTTP.dll
[0721/141437.689:ERROR:process_memory_win.cc(73)] ReadMemory at 0x7ff844a10000 of 64 bytes failed: Only part of a ReadProcessMemory or WriteProcessMemory request was completed. (0x12B)
[0721/141437.689:WARNING:pe_image_reader.cc(340)] could not read dos header from C:\WINDOWS\SYSTEM32\urlmon.dll
[0721/141437.689:ERROR:process_memory_win.cc(73)] ReadMemory at 0x7ff84b740000 of 64 bytes failed: Only part of a ReadProcessMemory or WriteProcessMemory request was completed. (0x12B)
[0721/141437.689:WARNING:pe_image_reader.cc(340)] could not read dos header from C:\WINDOWS\SYSTEM32\Secur32.dll
[0721/141437.689:ERROR:process_memory_win.cc(73)] ReadMemory at 0x7ff849c70000 of 64 bytes failed: Only part of a ReadProcessMemory or WriteProcessMemory request was completed. (0x12B)
[0721/141437.689:WARNING:pe_image_reader.cc(340)] could not read dos header from C:\WINDOWS\SYSTEM32\dhcpcsvc.DLL
[0721/141437.689:ERROR:process_memory_win.cc(73)] ReadMemory at 0x7ff8515c0000 of 64 bytes failed: Only part of a ReadProcessMemory or WriteProcessMemory request was completed. (0x12B)
[0721/141437.689:WARNING:pe_image_reader.cc(340)] could not read dos header from C:\WINDOWS\System32\NSI.dll
[0721/141437.689:ERROR:process_memory_win.cc(73)] ReadMemory at 0x7ff834e50000 of 64 bytes failed: Only part of a ReadProcessMemory or WriteProcessMemory request was completed. (0x12B)
[0721/141437.689:WARNING:pe_image_reader.cc(340)] could not read dos header from C:\WINDOWS\SYSTEM32\Bcp47Langs.dll
[0721/141437.689:ERROR:process_memory_win.cc(73)] ReadMemory at 0x7ff84b920000 of 64 bytes failed: Only part of a ReadProcessMemory or WriteProcessMemory request was completed. (0x12B)
[0721/141437.689:WARNING:pe_image_reader.cc(340)] could not read dos header from C:\WINDOWS\SYSTEM32\PROPSYS.dll
[0721/141437.689:ERROR:process_memory_win.cc(73)] ReadMemory at 0x7ff842bb0000 of 64 bytes failed: Only part of a ReadProcessMemory or WriteProcessMemory request was completed. (0x12B)
[0721/141437.689:WARNING:pe_image_reader.cc(340)] could not read dos header from C:\WINDOWS\SYSTEM32\iertutil.dll
[0721/141437.689:ERROR:process_memory_win.cc(73)] ReadMemory at 0x7ff84ef00000 of 64 bytes failed: Only part of a ReadProcessMemory or WriteProcessMemory request was completed. (0x12B)
[0721/141437.689:WARNING:pe_image_reader.cc(340)] could not read dos header from C:\WINDOWS\SYSTEM32\SSPICLI.DLL
[0721/141437.761:ERROR:process_memory_win.cc(73)] ReadMemory at 0xd48d9f1000 of 61440 bytes failed: Only part of a ReadProcessMemory or WriteProcessMemory request was completed. (0x12B)
[0721/141437.761:ERROR:process_memory_win.cc(73)] ReadMemory at 0xd48dbfd000 of 12288 bytes failed: Only part of a ReadProcessMemory or WriteProcessMemory request was completed. (0x12B)
[0721/141437.777:ERROR:process_memory_win.cc(73)] ReadMemory at 0xd48dffc000 of 16384 bytes failed: Only part of a ReadProcessMemory or WriteProcessMemory request was completed. (0x12B)
[0721/141437.777:ERROR:process_memory_win.cc(73)] ReadMemory at 0xd48e1fc000 of 16384 bytes failed: Only part of a ReadProcessMemory or WriteProcessMemory request was completed. (0x12B)
[0721/141437.777:ERROR:process_memory_win.cc(73)] ReadMemory at 0xd48e3fe000 of 8192 bytes failed: Only part of a ReadProcessMemory or WriteProcessMemory request was completed. (0x12B)
[0721/141437.777:ERROR:process_memory_win.cc(73)] ReadMemory at 0xd48e5fd000 of 12288 bytes failed: Only part of a ReadProcessMemory or WriteProcessMemory request was completed. (0x12B)
[0721/141437.777:ERROR:process_memory_win.cc(73)] ReadMemory at 0xd48e7fb000 of 20480 bytes failed: Only part of a ReadProcessMemory or WriteProcessMemory request was completed. (0x12B)
[0721/141437.777:ERROR:process_memory_win.cc(73)] ReadMemory at 0xd48e9f7000 of 36864 bytes failed: Only part of a ReadProcessMemory or WriteProcessMemory request was completed. (0x12B)
[0721/141437.777:ERROR:process_memory_win.cc(73)] ReadMemory at 0xd48ebf7000 of 36864 bytes failed: Only part of a ReadProcessMemory or WriteProcessMemory request was completed. (0x12B)
[0721/141437.777:ERROR:process_memory_win.cc(73)] ReadMemory at 0xd48edfd000 of 12288 bytes failed: Only part of a ReadProcessMemory or WriteProcessMemory request was completed. (0x12B)
[0721/141437.777:ERROR:process_memory_win.cc(73)] ReadMemory at 0xd48efff000 of 4096 bytes failed: Only part of a ReadProcessMemory or WriteProcessMemory request was completed. (0x12B)
[0721/141437.777:ERROR:process_memory_win.cc(73)] ReadMemory at 0xd48f1fd000 of 12288 bytes failed: Only part of a ReadProcessMemory or WriteProcessMemory request was completed. (0x12B)
[0721/141437.777:ERROR:process_memory_win.cc(73)] ReadMemory at 0xd48ddfd000 of 12288 bytes failed: Only part of a ReadProcessMemory or WriteProcessMemory request was completed. (0x12B)
[0721/141437.777:ERROR:process_memory_win.cc(73)] ReadMemory at 0xd48f3fd000 of 12288 bytes failed: Only part of a ReadProcessMemory or WriteProcessMemory request was completed. (0x12B)
[0721/141437.777:ERROR:process_memory_win.cc(73)] ReadMemory at 0xd48f5ff000 of 4096 bytes failed: Only part of a ReadProcessMemory or WriteProcessMemory request was completed. (0x12B)
[0721/141437.855:ERROR:process_memory_win.cc(73)] ReadMemory at 0xd48d751000 of 852 bytes failed: Only part of a ReadProcessMemory or WriteProcessMemory request was completed. (0x12B)
[0721/141437.855:ERROR:process_memory_win.cc(73)] ReadMemory at 0xd48d752000 of 6024 bytes failed: Only part of a ReadProcessMemory or WriteProcessMemory request was completed. (0x12B)
[0721/141437.855:ERROR:process_memory_win.cc(73)] ReadMemory at 0xd48d754000 of 6024 bytes failed: Only part of a ReadProcessMemory or WriteProcessMemory request was completed. (0x12B)
[0721/141437.855:ERROR:process_memory_win.cc(73)] ReadMemory at 0xd48d758000 of 6024 bytes failed: Only part of a ReadProcessMemory or WriteProcessMemory request was completed. (0x12B)
[0721/141437.855:ERROR:process_memory_win.cc(73)] ReadMemory at 0xd48d75a000 of 6024 bytes failed: Only part of a ReadProcessMemory or WriteProcessMemory request was completed. (0x12B)
[0721/141437.855:ERROR:process_memory_win.cc(73)] ReadMemory at 0xd48d75c000 of 6024 bytes failed: Only part of a ReadProcessMemory or WriteProcessMemory request was completed. (0x12B)
[0721/141437.855:ERROR:process_memory_win.cc(73)] ReadMemory at 0xd48d75e000 of 6024 bytes failed: Only part of a ReadProcessMemory or WriteProcessMemory request was completed. (0x12B)
[0721/141437.855:ERROR:process_memory_win.cc(73)] ReadMemory at 0xd48d760000 of 6024 bytes failed: Only part of a ReadProcessMemory or WriteProcessMemory request was completed. (0x12B)
[0721/141437.855:ERROR:process_memory_win.cc(73)] ReadMemory at 0xd48d762000 of 6024 bytes failed: Only part of a ReadProcessMemory or WriteProcessMemory request was completed. (0x12B)
[0721/141437.855:ERROR:process_memory_win.cc(73)] ReadMemory at 0xd48d764000 of 6024 bytes failed: Only part of a ReadProcessMemory or WriteProcessMemory request was completed. (0x12B)
[0721/141437.855:ERROR:process_memory_win.cc(73)] ReadMemory at 0xd48d766000 of 6024 bytes failed: Only part of a ReadProcessMemory or WriteProcessMemory request was completed. (0x12B)
[0721/141437.855:ERROR:process_memory_win.cc(73)] ReadMemory at 0xd48d76a000 of 6024 bytes failed: Only part of a ReadProcessMemory or WriteProcessMemory request was completed. (0x12B)
[0721/141437.855:ERROR:process_memory_win.cc(73)] ReadMemory at 0xd48d76c000 of 6024 bytes failed: Only part of a ReadProcessMemory or WriteProcessMemory request was completed. (0x12B)
[0721/141437.855:ERROR:process_memory_win.cc(73)] ReadMemory at 0xd48d770000 of 6024 bytes failed: Only part of a ReadProcessMemory or WriteProcessMemory request was completed. (0x12B)
[0721/141437.855:ERROR:process_memory_win.cc(73)] ReadMemory at 0xd48d772000 of 6024 bytes failed: Only part of a ReadProcessMemory or WriteProcessMemory request was completed. (0x12B)
[0721/141437.855:ERROR:process_memory_win.cc(73)] ReadMemory at 0xd48d774000 of 6024 bytes failed: Only part of a ReadProcessMemory or WriteProcessMemory request was completed. (0x12B)
[0721/141437.887:ERROR:process_memory_win.cc(73)] ReadMemory at 0x1faf01b08f0 of 992 bytes failed: Only part of a ReadProcessMemory or WriteProcessMemory request was completed. (0x12B)
[0721/141437.887:ERROR:process_memory_win.cc(73)] ReadMemory at 0x1faf01b0fe0 of 15338 bytes failed: Only part of a ReadProcessMemory or WriteProcessMemory request was completed. (0x12B)
[0721/141438.131:ERROR:process_memory_win.cc(73)] ReadMemory at 0x1faf01b4be0 of 1012 bytes failed: Only part of a ReadProcessMemory or WriteProcessMemory request was completed. (0x12B)
[0721/141438.147:ERROR:process_memory_win.cc(73)] ReadMemory at 0x1faf01b5208 of 118 bytes failed: Only part of a ReadProcessMemory or WriteProcessMemory request was completed. (0x12B)
[0721/141438.147:ERROR:process_memory_win.cc(73)] ReadMemory at 0x1faf01b5280 of 956 bytes failed: Only part of a ReadProcessMemory or WriteProcessMemory request was completed. (0x12B)
[0721/141438.147:ERROR:process_memory_win.cc(73)] ReadMemory at 0x1faf01b563e of 118 bytes failed: Only part of a ReadProcessMemory or WriteProcessMemory request was completed. (0x12B)
[0721/141438.193:ERROR:process_memory_win.cc(73)] ReadMemory at 0x1faf01b56b6 of 96 bytes failed: Only part of a ReadProcessMemory or WriteProcessMemory request was completed. (0x12B)
[0721/141438.209:ERROR:process_memory_win.cc(73)] ReadMemory at 0x1faf01b5730 of 58 bytes failed: Only part of a ReadProcessMemory or WriteProcessMemory request was completed. (0x12B)
[0721/141438.209:ERROR:process_memory_win.cc(73)] ReadMemory at 0x1faf01b5830 of 132 bytes failed: Only part of a ReadProcessMemory or WriteProcessMemory request was completed. (0x12B)
[0721/141438.209:ERROR:process_memory_win.cc(73)] ReadMemory at 0x1faf01b59c0 of 132 bytes failed: Only part of a ReadProcessMemory or WriteProcessMemory request was completed. (0x12B)
[0721/141438.209:ERROR:process_memory_win.cc(73)] ReadMemory at 0x1faf01b5b80 of 126 bytes failed: Only part of a ReadProcessMemory or WriteProcessMemory request was completed. (0x12B)
[0721/141438.209:ERROR:process_memory_win.cc(73)] ReadMemory at 0x1faf01b5f60 of 132 bytes failed: Only part of a ReadProcessMemory or WriteProcessMemory request was completed. (0x12B)
[0721/141438.209:ERROR:process_memory_win.cc(73)] ReadMemory at 0x1faf01b60f0 of 64 bytes failed: Only part of a ReadProcessMemory or WriteProcessMemory request was completed. (0x12B)
[0721/141438.209:ERROR:process_memory_win.cc(73)] ReadMemory at 0x1faf01b6550 of 132 bytes failed: Only part of a ReadProcessMemory or WriteProcessMemory request was completed. (0x12B)
[0721/141438.209:ERROR:process_memory_win.cc(73)] ReadMemory at 0x1faf01b66e0 of 68 bytes failed: Only part of a ReadProcessMemory or WriteProcessMemory request was completed. (0x12B)
[0721/141438.209:ERROR:process_memory_win.cc(73)] ReadMemory at 0x1faf01b7620 of 132 bytes failed: Only part of a ReadProcessMemory or WriteProcessMemory request was completed. (0x12B)
[0721/141438.209:ERROR:process_memory_win.cc(73)] ReadMemory at 0x1faf01b7750 of 132 bytes failed: Only part of a ReadProcessMemory or WriteProcessMemory request was completed. (0x12B)
[0721/141438.209:ERROR:process_memory_win.cc(73)] ReadMemory at 0x1faf01b7880 of 62 bytes failed: Only part of a ReadProcessMemory or WriteProcessMemory request was completed. (0x12B)
[0721/141438.209:ERROR:process_memory_win.cc(73)] ReadMemory at 0x1faf01b7c60 of 132 bytes failed: Only part of a ReadProcessMemory or WriteProcessMemory request was completed. (0x12B)
[0721/141438.209:ERROR:process_memory_win.cc(73)] ReadMemory at 0x1faf01b7df0 of 60 bytes failed: Only part of a ReadProcessMemory or WriteProcessMemory request was completed. (0x12B)
[0721/141438.209:ERROR:process_memory_win.cc(73)] ReadMemory at 0x1faf01b7e40 of 158 bytes failed: Only part of a ReadProcessMemory or WriteProcessMemory request was completed. (0x12B)
[0721/141438.209:ERROR:process_memory_win.cc(73)] ReadMemory at 0x1faf01b8040 of 132 bytes failed: Only part of a ReadProcessMemory or WriteProcessMemory request was completed. (0x12B)
[0721/141438.209:ERROR:process_memory_win.cc(73)] ReadMemory at 0x1faf01b81d0 of 64 bytes failed: Only part of a ReadProcessMemory or WriteProcessMemory request was completed. (0x12B)
[0721/141438.209:ERROR:process_memory_win.cc(73)] ReadMemory at 0x1faf01b8450 of 132 bytes failed: Only part of a ReadProcessMemory or WriteProcessMemory request was completed. (0x12B)
[0721/141438.209:ERROR:process_memory_win.cc(73)] ReadMemory at 0x1faf01b85e0 of 64 bytes failed: Only part of a ReadProcessMemory or WriteProcessMemory request was completed. (0x12B)
[0721/141438.261:ERROR:process_memory_win.cc(73)] ReadMemory at 0x1faf01b8840 of 132 bytes failed: Only part of a ReadProcessMemory or WriteProcessMemory request was completed. (0x12B)
[0721/141438.261:ERROR:process_memory_win.cc(73)] ReadMemory at 0x1faf01b89d0 of 60 bytes failed: Only part of a ReadProcessMemory or WriteProcessMemory request was completed. (0x12B)
[0721/141438.261:ERROR:process_memory_win.cc(73)] ReadMemory at 0x1faf01b8ce0 of 132 bytes failed: Only part of a ReadProcessMemory or WriteProcessMemory request was completed. (0x12B)
[0721/141438.262:ERROR:process_memory_win.cc(73)] ReadMemory at 0x1faf01b8e70 of 60 bytes failed: Only part of a ReadProcessMemory or WriteProcessMemory request was completed. (0x12B)
[0721/141438.299:ERROR:process_memory_win.cc(73)] ReadMemory at 0x1faf01b90b0 of 132 bytes failed: Only part of a ReadProcessMemory or WriteProcessMemory request was completed. (0x12B)
[0721/141438.299:ERROR:process_memory_win.cc(73)] ReadMemory at 0x1faf01b9240 of 62 bytes failed: Only part of a ReadProcessMemory or WriteProcessMemory request was completed. (0x12B)
[0721/141438.299:ERROR:process_memory_win.cc(73)] ReadMemory at 0x1faf01b95c0 of 132 bytes failed: Only part of a ReadProcessMemory or WriteProcessMemory request was completed. (0x12B)
[0721/141438.449:ERROR:process_memory_win.cc(73)] ReadMemory at 0x1faf01b9750 of 80 bytes failed: Only part of a ReadProcessMemory or WriteProcessMemory request was completed. (0x12B)
[0721/141438.449:ERROR:process_memory_win.cc(73)] ReadMemory at 0x1faf01bbda0 of 132 bytes failed: Only part of a ReadProcessMemory or WriteProcessMemory request was completed. (0x12B)
[0721/141438.449:ERROR:process_memory_win.cc(73)] ReadMemory at 0x1faf01bc2e0 of 78 bytes failed: Only part of a ReadProcessMemory or WriteProcessMemory request was completed. (0x12B)
[0721/141438.449:ERROR:process_memory_win.cc(73)] ReadMemory at 0x1faf01bc460 of 80 bytes failed: Only part of a ReadProcessMemory or WriteProcessMemory request was completed. (0x12B)
[0721/141438.449:ERROR:process_memory_win.cc(73)] ReadMemory at 0x1faf01bc520 of 76 bytes failed: Only part of a ReadProcessMemory or WriteProcessMemory request was completed. (0x12B)
[0721/141438.449:ERROR:process_memory_win.cc(73)] ReadMemory at 0x1faf01bd320 of 132 bytes failed: Only part of a ReadProcessMemory or WriteProcessMemory request was completed. (0x12B)
[0721/141438.449:ERROR:process_memory_win.cc(73)] ReadMemory at 0x1faf01bd450 of 66 bytes failed: Only part of a ReadProcessMemory or WriteProcessMemory request was completed. (0x12B)
[0721/141438.449:ERROR:process_memory_win.cc(73)] ReadMemory at 0x1faf01bd690 of 132 bytes failed: Only part of a ReadProcessMemory or WriteProcessMemory request was completed. (0x12B)
[0721/141438.449:ERROR:process_memory_win.cc(73)] ReadMemory at 0x1faf01bd7c0 of 62 bytes failed: Only part of a ReadProcessMemory or WriteProcessMemory request was completed. (0x12B)
[0721/141438.449:ERROR:process_memory_win.cc(73)] ReadMemory at 0x1faf01bda20 of 132 bytes failed: Only part of a ReadProcessMemory or WriteProcessMemory request was completed. (0x12B)
[0721/141438.449:ERROR:process_memory_win.cc(73)] ReadMemory at 0x1faf01bdb50 of 64 bytes failed: Only part of a ReadProcessMemory or WriteProcessMemory request was completed. (0x12B)
[0721/141438.449:ERROR:process_memory_win.cc(73)] ReadMemory at 0x1faf01bdde0 of 132 bytes failed: Only part of a ReadProcessMemory or WriteProcessMemory request was completed. (0x12B)
[0721/141438.449:ERROR:process_memory_win.cc(73)] ReadMemory at 0x1faf01bdf10 of 132 bytes failed: Only part of a ReadProcessMemory or WriteProcessMemory request was completed. (0x12B)
[0721/141438.449:ERROR:process_memory_win.cc(73)] ReadMemory at 0x1faf01be040 of 132 bytes failed: Only part of a ReadProcessMemory or WriteProcessMemory request was completed. (0x12B)
[0721/141438.449:ERROR:process_memory_win.cc(73)] ReadMemory at 0x1faf01be170 of 132 bytes failed: Only part of a ReadProcessMemory or WriteProcessMemory request was completed. (0x12B)
[0721/141438.530:ERROR:process_memory_win.cc(73)] ReadMemory at 0x1faf01be2a0 of 132 bytes failed: Only part of a ReadProcessMemory or WriteProcessMemory request was completed. (0x12B)
[0721/141438.671:ERROR:process_memory_win.cc(73)] ReadMemory at 0x1faf01be3d0 of 132 bytes failed: Only part of a ReadProcessMemory or WriteProcessMemory request was completed. (0x12B)
[0721/141438.671:ERROR:process_memory_win.cc(73)] ReadMemory at 0x1faf01be500 of 132 bytes failed: Only part of a ReadProcessMemory or WriteProcessMemory request was completed. (0x12B)
[0721/141438.671:ERROR:process_memory_win.cc(73)] ReadMemory at 0x1faf01be630 of 132 bytes failed: Only part of a ReadProcessMemory or WriteProcessMemory request was completed. (0x12B)
[0721/141438.671:ERROR:process_memory_win.cc(73)] ReadMemory at 0x1faf01be760 of 132 bytes failed: Only part of a ReadProcessMemory or WriteProcessMemory request was completed. (0x12B)
[0721/141438.671:ERROR:process_memory_win.cc(73)] ReadMemory at 0x1faf01be890 of 132 bytes failed: Only part of a ReadProcessMemory or WriteProcessMemory request was completed. (0x12B)
[0721/141438.671:ERROR:process_memory_win.cc(73)] ReadMemory at 0x1faf01be9c0 of 132 bytes failed: Only part of a ReadProcessMemory or WriteProcessMemory request was completed. (0x12B)
[0721/141438.671:ERROR:process_memory_win.cc(73)] ReadMemory at 0x1faf01beaf0 of 132 bytes failed: Only part of a ReadProcessMemory or WriteProcessMemory request was completed. (0x12B)
[0721/141438.671:ERROR:process_memory_win.cc(73)] ReadMemory at 0x1faf01bec20 of 132 bytes failed: Only part of a ReadProcessMemory or WriteProcessMemory request was completed. (0x12B)
[0721/141438.671:ERROR:process_memory_win.cc(73)] ReadMemory at 0x1faf01bedf0 of 60 bytes failed: Only part of a ReadProcessMemory or WriteProcessMemory request was completed. (0x12B)
[0721/141438.671:ERROR:process_memory_win.cc(73)] ReadMemory at 0x1faf01bee90 of 62 bytes failed: Only part of a ReadProcessMemory or WriteProcessMemory request was completed. (0x12B)
[0721/141438.671:ERROR:process_memory_win.cc(73)] ReadMemory at 0x1faf01beee0 of 62 bytes failed: Only part of a ReadProcessMemory or WriteProcessMemory request was completed. (0x12B)
[0721/141438.671:ERROR:process_memory_win.cc(73)] ReadMemory at 0x1faf01bef30 of 66 bytes failed: Only part of a ReadProcessMemory or WriteProcessMemory request was completed. (0x12B)
[0721/141438.671:ERROR:process_memory_win.cc(73)] ReadMemory at 0x1faf01bef80 of 66 bytes failed: Only part of a ReadProcessMemory or WriteProcessMemory request was completed. (0x12B)
[0721/141438.686:ERROR:process_memory_win.cc(73)] ReadMemory at 0x1faf01befd0 of 62 bytes failed: Only part of a ReadProcessMemory or WriteProcessMemory request was completed. (0x12B)
[0721/141438.761:ERROR:process_memory_win.cc(73)] ReadMemory at 0x1faf01bf070 of 62 bytes failed: Only part of a ReadProcessMemory or WriteProcessMemory request was completed. (0x12B)
[0721/141438.761:ERROR:process_memory_win.cc(73)] ReadMemory at 0x1faf01bf110 of 60 bytes failed: Only part of a ReadProcessMemory or WriteProcessMemory request was completed. (0x12B)
[0721/141438.761:ERROR:process_memory_win.cc(73)] ReadMemory at 0x1faf01bf390 of 58 bytes failed: Only part of a ReadProcessMemory or WriteProcessMemory request was completed. (0x12B)
[0721/141438.761:ERROR:process_memory_win.cc(73)] ReadMemory at 0x1faf01bf3e0 of 62 bytes failed: Only part of a ReadProcessMemory or WriteProcessMemory request was completed. (0x12B)
[0721/141438.761:ERROR:process_memory_win.cc(73)] ReadMemory at 0x1faf01bf430 of 58 bytes failed: Only part of a ReadProcessMemory or WriteProcessMemory request was completed. (0x12B)
[0721/141438.761:ERROR:process_memory_win.cc(73)] ReadMemory at 0x1faf01bf480 of 64 bytes failed: Only part of a ReadProcessMemory or WriteProcessMemory request was completed. (0x12B)
[0721/141438.761:ERROR:process_memory_win.cc(73)] ReadMemory at 0x1faf01bf4d0 of 66 bytes failed: Only part of a ReadProcessMemory or WriteProcessMemory request was completed. (0x12B)
[0721/141438.761:ERROR:process_memory_win.cc(73)] ReadMemory at 0x1faf01c0c00 of 640 bytes failed: Only part of a ReadProcessMemory or WriteProcessMemory request was completed. (0x12B)
[0721/141438.761:ERROR:process_memory_win.cc(73)] ReadMemory at 0x1faf01c0fd0 of 154 bytes failed: Only part of a ReadProcessMemory or WriteProcessMemory request was completed. (0x12B)
[0721/141438.777:ERROR:process_memory_win.cc(73)] ReadMemory at 0x1faf01c37c0 of 132 bytes failed: Only part of a ReadProcessMemory or WriteProcessMemory request was completed. (0x12B)
[0721/141438.777:ERROR:process_memory_win.cc(73)] ReadMemory at 0x1faf01c38f0 of 132 bytes failed: Only part of a ReadProcessMemory or WriteProcessMemory request was completed. (0x12B)
[0721/141438.777:ERROR:process_memory_win.cc(73)] ReadMemory at 0x1faf01c3a20 of 132 bytes failed: Only part of a ReadProcessMemory or WriteProcessMemory request was completed. (0x12B)
[0721/141438.777:ERROR:process_memory_win.cc(73)] ReadMemory at 0x1faf01c3b50 of 132 bytes failed: Only part of a ReadProcessMemory or WriteProcessMemory request was completed. (0x12B)
[0721/141438.777:ERROR:process_memory_win.cc(73)] ReadMemory at 0x1faf01c3c80 of 132 bytes failed: Only part of a ReadProcessMemory or WriteProcessMemory request was completed. (0x12B)
[0721/141438.777:ERROR:process_memory_win.cc(73)] ReadMemory at 0x1faf01c3db0 of 132 bytes failed: Only part of a ReadProcessMemory or WriteProcessMemory request was completed. (0x12B)
[0721/141438.777:ERROR:process_memory_win.cc(73)] ReadMemory at 0x1faf01c3ee0 of 132 bytes failed: Only part of a ReadProcessMemory or WriteProcessMemory request was completed. (0x12B)
[0721/141438.777:ERROR:process_memory_win.cc(73)] ReadMemory at 0x1faf01c4010 of 132 bytes failed: Only part of a ReadProcessMemory or WriteProcessMemory request was completed. (0x12B)
[0721/141438.777:ERROR:process_memory_win.cc(73)] ReadMemory at 0x1faf01c4140 of 132 bytes failed: Only part of a ReadProcessMemory or WriteProcessMemory request was completed. (0x12B)
[0721/141438.777:ERROR:process_memory_win.cc(73)] ReadMemory at 0x1faf01c4270 of 132 bytes failed: Only part of a ReadProcessMemory or WriteProcessMemory request was completed. (0x12B)
[0721/141438.777:ERROR:process_memory_win.cc(73)] ReadMemory at 0x1faf01c43a0 of 132 bytes failed: Only part of a ReadProcessMemory or WriteProcessMemory request was completed. (0x12B)
[0721/141438.777:ERROR:process_memory_win.cc(73)] ReadMemory at 0x1faf01c44d0 of 132 bytes failed: Only part of a ReadProcessMemory or WriteProcessMemory request was completed. (0x12B)
[0721/141438.777:ERROR:process_memory_win.cc(73)] ReadMemory at 0x1faf01c4600 of 132 bytes failed: Only part of a ReadProcessMemory or WriteProcessMemory request was completed. (0x12B)
[0721/141438.777:ERROR:process_memory_win.cc(73)] ReadMemory at 0x1faf01c4860 of 132 bytes failed: Only part of a ReadProcessMemory or WriteProcessMemory request was completed. (0x12B)
[0721/141438.777:ERROR:process_memory_win.cc(73)] ReadMemory at 0x1faf01c4990 of 132 bytes failed: Only part of a ReadProcessMemory or WriteProcessMemory request was completed. (0x12B)
[0721/141438.777:ERROR:process_memory_win.cc(73)] ReadMemory at 0x1faf01c4ac0 of 132 bytes failed: Only part of a ReadProcessMemory or WriteProcessMemory request was completed. (0x12B)
[0721/141438.777:ERROR:process_memory_win.cc(73)] ReadMemory at 0x1faf01c4bf0 of 132 bytes failed: Only part of a ReadProcessMemory or WriteProcessMemory request was completed. (0x12B)
[0721/141438.777:ERROR:process_memory_win.cc(73)] ReadMemory at 0x1faf01c4d20 of 132 bytes failed: Only part of a ReadProcessMemory or WriteProcessMemory request was completed. (0x12B)
[0721/141438.777:ERROR:process_memory_win.cc(73)] ReadMemory at 0x1faf01c4e50 of 132 bytes failed: Only part of a ReadProcessMemory or WriteProcessMemory request was completed. (0x12B)
[0721/141438.777:ERROR:process_memory_win.cc(73)] ReadMemory at 0x1faf01c4f80 of 132 bytes failed: Only part of a ReadProcessMemory or WriteProcessMemory request was completed. (0x12B)
[0721/141438.777:ERROR:process_memory_win.cc(73)] ReadMemory at 0x1faf01c50b0 of 132 bytes failed: Only part of a ReadProcessMemory or WriteProcessMemory request was completed. (0x12B)
[0721/141438.777:ERROR:process_memory_win.cc(73)] ReadMemory at 0x1faf01c51e0 of 132 bytes failed: Only part of a ReadProcessMemory or WriteProcessMemory request was completed. (0x12B)
[0721/141438.777:ERROR:process_memory_win.cc(73)] ReadMemory at 0x1faf01c5310 of 132 bytes failed: Only part of a ReadProcessMemory or WriteProcessMemory request was completed. (0x12B)
[0721/141438.777:ERROR:process_memory_win.cc(73)] ReadMemory at 0x1faf01c5440 of 132 bytes failed: Only part of a ReadProcessMemory or WriteProcessMemory request was completed. (0x12B)
[0721/141438.777:ERROR:process_memory_win.cc(73)] ReadMemory at 0x1faf01c5570 of 132 bytes failed: Only part of a ReadProcessMemory or WriteProcessMemory request was completed. (0x12B)
[0721/141438.839:ERROR:process_memory_win.cc(73)] ReadMemory at 0x1faf01c97c0 of 58 bytes failed: Only part of a ReadProcessMemory or WriteProcessMemory request was completed. (0x12B)
[0721/141438.839:ERROR:process_memory_win.cc(73)] ReadMemory at 0x1faf01d1940 of 54 bytes failed: Only part of a ReadProcessMemory or WriteProcessMemory request was completed. (0x12B)
[0721/141438.839:ERROR:process_memory_win.cc(73)] ReadMemory at 0x1faf01d81a0 of 60 bytes failed: Only part of a ReadProcessMemory or WriteProcessMemory request was completed. (0x12B)
[0721/141438.839:ERROR:process_memory_win.cc(73)] ReadMemory at 0x1faf01d8470 of 60 bytes failed: Only part of a ReadProcessMemory or WriteProcessMemory request was completed. (0x12B)
[0721/141438.839:ERROR:process_memory_win.cc(73)] ReadMemory at 0x1faf01d8510 of 56 bytes failed: Only part of a ReadProcessMemory or WriteProcessMemory request was completed. (0x12B)
[0721/141438.839:ERROR:process_memory_win.cc(73)] ReadMemory at 0x1faf01d8560 of 64 bytes failed: Only part of a ReadProcessMemory or WriteProcessMemory request was completed. (0x12B)
[0721/141438.839:ERROR:process_memory_win.cc(73)] ReadMemory at 0x1faf01d86a0 of 64 bytes failed: Only part of a ReadProcessMemory or WriteProcessMemory request was completed. (0x12B)
[0721/141438.964:ERROR:process_memory_win.cc(73)] ReadMemory at 0x1faf01d86f0 of 62 bytes failed: Only part of a ReadProcessMemory or WriteProcessMemory request was completed. (0x12B)
[0721/141439.146:ERROR:process_memory_win.cc(73)] ReadMemory at 0x1faf01d8740 of 60 bytes failed: Only part of a ReadProcessMemory or WriteProcessMemory request was completed. (0x12B)
[0721/141439.146:ERROR:process_memory_win.cc(73)] ReadMemory at 0x1faf01d87e0 of 58 bytes failed: Only part of a ReadProcessMemory or WriteProcessMemory request was completed. (0x12B)
[0721/141439.146:ERROR:process_memory_win.cc(73)] ReadMemory at 0x1faf01d8880 of 64 bytes failed: Only part of a ReadProcessMemory or WriteProcessMemory request was completed. (0x12B)
[0721/141439.146:ERROR:process_memory_win.cc(73)] ReadMemory at 0x1faf01d8920 of 62 bytes failed: Only part of a ReadProcessMemory or WriteProcessMemory request was completed. (0x12B)
[0721/141439.146:ERROR:process_memory_win.cc(73)] ReadMemory at 0x1faf01d8a60 of 64 bytes failed: Only part of a ReadProcessMemory or WriteProcessMemory request was completed. (0x12B)
[0721/141439.146:ERROR:process_memory_win.cc(73)] ReadMemory at 0x1faf01d8ab0 of 58 bytes failed: Only part of a ReadProcessMemory or WriteProcessMemory request was completed. (0x12B)
[0721/141439.146:ERROR:process_memory_win.cc(73)] ReadMemory at 0x1faf01d8b00 of 64 bytes failed: Only part of a ReadProcessMemory or WriteProcessMemory request was completed. (0x12B)
[0721/141439.146:ERROR:process_memory_win.cc(73)] ReadMemory at 0x1faf01d8b50 of 62 bytes failed: Only part of a ReadProcessMemory or WriteProcessMemory request was completed. (0x12B)
[0721/141439.146:ERROR:process_memory_win.cc(73)] ReadMemory at 0x1faf01d8ba0 of 64 bytes failed: Only part of a ReadProcessMemory or WriteProcessMemory request was completed. (0x12B)
[0721/141439.146:ERROR:process_memory_win.cc(73)] ReadMemory at 0x1faf01d8c90 of 64 bytes failed: Only part of a ReadProcessMemory or WriteProcessMemory request was completed. (0x12B)
[0721/141439.146:ERROR:process_memory_win.cc(73)] ReadMemory at 0x1faf01d8dd0 of 62 bytes failed: Only part of a ReadProcessMemory or WriteProcessMemory request was completed. (0x12B)
[0721/141439.146:ERROR:process_memory_win.cc(73)] ReadMemory at 0x1faf01d8ec0 of 68 bytes failed: Only part of a ReadProcessMemory or WriteProcessMemory request was completed. (0x12B)
[0721/141439.146:ERROR:process_memory_win.cc(73)] ReadMemory at 0x1faf01d8f10 of 60 bytes failed: Only part of a ReadProcessMemory or WriteProcessMemory request was completed. (0x12B)
[0721/141439.146:ERROR:process_memory_win.cc(73)] ReadMemory at 0x1faf01d8fb0 of 62 bytes failed: Only part of a ReadProcessMemory or WriteProcessMemory request was completed. (0x12B)
[0721/141439.146:ERROR:process_memory_win.cc(73)] ReadMemory at 0x1faf01d9000 of 60 bytes failed: Only part of a ReadProcessMemory or WriteProcessMemory request was completed. (0x12B)
[0721/141439.178:ERROR:process_memory_win.cc(73)] ReadMemory at 0x1faf01d9050 of 62 bytes failed: Only part of a ReadProcessMemory or WriteProcessMemory request was completed. (0x12B)
[0721/141439.178:ERROR:process_memory_win.cc(73)] ReadMemory at 0x1faf01d90a0 of 60 bytes failed: Only part of a ReadProcessMemory or WriteProcessMemory request was completed. (0x12B)
[0721/141439.178:ERROR:process_memory_win.cc(73)] ReadMemory at 0x1faf01d90f0 of 64 bytes failed: Only part of a ReadProcessMemory or WriteProcessMemory request was completed. (0x12B)
[0721/141439.178:ERROR:process_memory_win.cc(73)] ReadMemory at 0x1faf01daa10 of 132 bytes failed: Only part of a ReadProcessMemory or WriteProcessMemory request was completed. (0x12B)
[0721/141439.178:ERROR:process_memory_win.cc(73)] ReadMemory at 0x1faf01daed0 of 132 bytes failed: Only part of a ReadProcessMemory or WriteProcessMemory request was completed. (0x12B)
[0721/141439.178:ERROR:process_memory_win.cc(73)] ReadMemory at 0x1faf01db390 of 132 bytes failed: Only part of a ReadProcessMemory or WriteProcessMemory request was completed. (0x12B)
[0721/141439.178:ERROR:process_memory_win.cc(73)] ReadMemory at 0x1faf01dbab0 of 132 bytes failed: Only part of a ReadProcessMemory or WriteProcessMemory request was completed. (0x12B)
[0721/141439.178:ERROR:process_memory_win.cc(73)] ReadMemory at 0x1faf01dbe40 of 132 bytes failed: Only part of a ReadProcessMemory or WriteProcessMemory request was completed. (0x12B)
[0721/141439.178:ERROR:process_memory_win.cc(73)] ReadMemory at 0x1faf01f4300 of 512 bytes failed: Only part of a ReadProcessMemory or WriteProcessMemory request was completed. (0x12B)
[0721/141439.178:ERROR:process_memory_win.cc(73)] ReadMemory at 0x1faf01fb0e0 of 512 bytes failed: Only part of a ReadProcessMemory or WriteProcessMemory request was completed. (0x12B)
[0721/141439.178:ERROR:process_memory_win.cc(73)] ReadMemory at 0x1faf08b09e0 of 512 bytes failed: Only part of a ReadProcessMemory or WriteProcessMemory request was completed. (0x12B)
[0721/141439.178:ERROR:process_memory_win.cc(73)] ReadMemory at 0x1faf08bb630 of 712 bytes failed: Only part of a ReadProcessMemory or WriteProcessMemory request was completed. (0x12B)
[0721/141439.178:ERROR:process_memory_win.cc(73)] ReadMemory at 0x1faf08da9e0 of 512 bytes failed: Only part of a ReadProcessMemory or WriteProcessMemory request was completed. (0x12B)
[0721/141439.261:ERROR:process_memory_win.cc(73)] ReadMemory at 0x1faf091bb60 of 512 bytes failed: Only part of a ReadProcessMemory or WriteProcessMemory request was completed. (0x12B)
[0721/141439.261:ERROR:process_memory_win.cc(73)] ReadMemory at 0x1faf091c920 of 512 bytes failed: Only part of a ReadProcessMemory or WriteProcessMemory request was completed. (0x12B)
[0721/141439.261:ERROR:process_memory_win.cc(73)] ReadMemory at 0x1faf091cf50 of 512 bytes failed: Only part of a ReadProcessMemory or WriteProcessMemory request was completed. (0x12B)
[0721/141439.261:ERROR:process_memory_win.cc(73)] ReadMemory at 0x1faf26c46b0 of 512 bytes failed: Only part of a ReadProcessMemory or WriteProcessMemory request was completed. (0x12B)
[0721/141439.261:ERROR:process_memory_win.cc(73)] ReadMemory at 0x1faf26dc900 of 512 bytes failed: Only part of a ReadProcessMemory or WriteProcessMemory request was completed. (0x12B)
[0721/141439.261:ERROR:process_memory_win.cc(73)] ReadMemory at 0x1faf2cd5d98 of 512 bytes failed: Only part of a ReadProcessMemory or WriteProcessMemory request was completed. (0x12B)
[0721/141439.261:ERROR:process_memory_win.cc(73)] ReadMemory at 0x1faf2e34850 of 512 bytes failed: Only part of a ReadProcessMemory or WriteProcessMemory request was completed. (0x12B)
[0721/141439.261:ERROR:process_memory_win.cc(73)] ReadMemory at 0x1faf3742bc0 of 512 bytes failed: Only part of a ReadProcessMemory or WriteProcessMemory request was completed. (0x12B)
[0721/141439.261:ERROR:process_memory_win.cc(73)] ReadMemory at 0x1faf37834be of 512 bytes failed: Only part of a ReadProcessMemory or WriteProcessMemory request was completed. (0x12B)
[0721/141439.261:ERROR:process_memory_win.cc(73)] ReadMemory at 0x7ff80168be43 of 512 bytes failed: Only part of a ReadProcessMemory or WriteProcessMemory request was completed. (0x12B)
[0721/141439.261:ERROR:process_memory_win.cc(73)] ReadMemory at 0x7ff804a8c4bc of 512 bytes failed: Only part of a ReadProcessMemory or WriteProcessMemory request was completed. (0x12B)
[0721/141439.261:ERROR:process_memory_win.cc(73)] ReadMemory at 0x7ff804c94610 of 512 bytes failed: Only part of a ReadProcessMemory or WriteProcessMemory request was completed. (0x12B)
[0721/141439.261:ERROR:process_memory_win.cc(73)] ReadMemory at 0x7ff835b5583a of 512 bytes failed: Only part of a ReadProcessMemory or WriteProcessMemory request was completed. (0x12B)
[0721/141439.261:ERROR:process_memory_win.cc(73)] ReadMemory at 0x7ff835b56091 of 512 bytes failed: Only part of a ReadProcessMemory or WriteProcessMemory request was completed. (0x12B)
[0721/141439.276:ERROR:process_memory_win.cc(73)] ReadMemory at 0x7ff84f5a90a9 of 512 bytes failed: Only part of a ReadProcessMemory or WriteProcessMemory request was completed. (0x12B)
[0721/141439.276:ERROR:process_memory_win.cc(73)] ReadMemory at 0x7ff8506621f0 of 512 bytes failed: Only part of a ReadProcessMemory or WriteProcessMemory request was completed. (0x12B)
[0721/141439.276:ERROR:process_memory_win.cc(73)] ReadMemory at 0x7ff852fd8751 of 512 bytes failed: Only part of a ReadProcessMemory or WriteProcessMemory request was completed. (0x12B)
[0721/141439.276:ERROR:process_memory_win.cc(73)] ReadMemory at 0x7ff85301ff00 of 512 bytes failed: Only part of a ReadProcessMemory or WriteProcessMemory request was completed. (0x12B)
[0721/141439.276:ERROR:process_memory_win.cc(73)] ReadMemory at 0x7ff85306f764 of 672 bytes failed: Only part of a ReadProcessMemory or WriteProcessMemory request was completed. (0x12B)
[0721/141439.386:ERROR:process_memory_win.cc(73)] ReadMemory at 0x7ff853072ff4 of 608 bytes failed: Only part of a ReadProcessMemory or WriteProcessMemory request was completed. (0x12B)
[0721/141439.433:ERROR:process_memory_win.cc(73)] ReadMemory at 0x7ff8530fc0c8 of 18 bytes failed: Only part of a ReadProcessMemory or WriteProcessMemory request was completed. (0x12B)
[0721/141439.433:ERROR:process_memory_win.cc(73)] ReadMemory at 0x7ff85312f4f8 of 40 bytes failed: Only part of a ReadProcessMemory or WriteProcessMemory request was completed. (0x12B)
[0721/141439.433:ERROR:process_memory_win.cc(73)] ReadMemory at 0x7ff85312f978 of 48 bytes failed: Only part of a ReadProcessMemory or WriteProcessMemory request was completed. (0x12B)
[0721/141439.448:ERROR:process_memory_win.cc(73)] ReadMemory at 0x7ff8531353c0 of 64 bytes failed: Only part of a ReadProcessMemory or WriteProcessMemory request was completed. (0x12B)
[0721/141440.050:ERROR:scoped_process_suspend.cc(40)] NtResumeProcess: An attempt was made to access an exiting process. (0xc000010a)
